Added Component: Designator=P1(JST-S3B-XH-A(LF)(SN)_V)
Add component (AddParameter): Name = "Case\Package"; Value = "DIP"; VariantName = "[No Variations]"
Add component (AddParameter): Name = "Channels"; Value = "1"; VariantName = "[No Variations]"
Add component (AddParameter): Name = "ComponentLink1Description"; Value = "Manufacturer URL"; VariantName = "[No Variations]"
Add component (AddParameter): Name = "ComponentLink1URL"; Value = "http://www.jst.com/home2.html"; VariantName = "[No Variations]"
Add component (AddParameter): Name = "ComponentLink2Description"; Value = "Datasheet"; VariantName = "[No Variations]"
Add component (AddParameter): Name = "ComponentLink2URL"; Value = "http://www.jst-mfg.com/product/pdf/eng/eXH.pdf"; VariantName = "[No Variations]"
Add component (AddParameter): Name = "DatasheetVersion"; Value = "May-16"; VariantName = "[No Variations]"
Add component (AddParameter): Name = "Frequency"; Value = "1.8 MHz"; VariantName = "[No Variations]"
Add component (AddParameter): Name = "Height"; Value = "4.57 mm"; VariantName = "[No Variations]"
Add component (AddParameter): Name = "Length"; Value = "9.81 mm"; VariantName = "[No Variations]"
Add component (AddParameter): Name = "Max Operating Temperature"; Value = "70 degC"; VariantName = "[No Variations]"
Add component (AddParameter): Name = "Max Ouput Current"; Value = "-10 mA"; VariantName = "[No Variations]"
Add component (AddParameter): Name = "Max Power Dissipation"; Value = "1 W"; VariantName = "[No Variations]"
Add component (AddParameter): Name = "Max Supply Voltage"; Value = "15 V"; VariantName = "[No Variations]"
Add component (AddParameter): Name = "Min Operating Temperature"; Value = "0 degC"; VariantName = "[No Variations]"
Add component (AddParameter): Name = "Min Supply Voltage"; Value = "1 V"; VariantName = "[No Variations]"
Add component (AddParameter): Name = "Mount"; Value = "Through Hole"; VariantName = "[No Variations]"
Add component (AddParameter): Name = "Nominal Supply Current"; Value = "170 uA"; VariantName = "[No Variations]"
Add component (AddParameter): Name = "Package Quantity"; Value = "50"; VariantName = "[No Variations]"
Add component (AddParameter): Name = "PackageDescription"; Value = "Male Header, Pitch 2.5 mm, 1 x 3 Position, Height 6.1 mm, Tail Length 3.4 mm"; VariantName = "[No Variations]"
Add component (AddParameter): Name = "PackageReference"; Value = "S3B-XH-A(LF)(SN)"; VariantName = "[No Variations]"
Add component (AddParameter): Name = "Packaging"; Value = "Rail/Tube"; VariantName = "[No Variations]"
Add component (AddParameter): Name = "Pins"; Value = "8"; VariantName = "[No Variations]"
Add component (AddParameter): Name = "Radiation Hardening"; Value = "No"; VariantName = "[No Variations]"
Add component (AddParameter): Name = "REACH SVHC"; Value = "No SVHC"; VariantName = "[No Variations]"
Add component (AddParameter): Name = "RoHSCompliant"; Value = "true"; VariantName = "[No Variations]"
Add component (AddParameter): Name = "Weight"; Value = "0.015535 oz"; VariantName = "[No Variations]"
Add component (AddParameter): Name = "Width"; Value = "6.35 mm"; VariantName = "[No Variations]"
Added Component: Designator=P2(JST-S4B-XH-A(LF)(SN)_V)
Add component (AddParameter): Name = "ComponentLink1Description"; Value = "Manufacturer URL"; VariantName = "[No Variations]"
Add component (AddParameter): Name = "ComponentLink1URL"; Value = "http://www.jst.com/home2.html"; VariantName = "[No Variations]"
Add component (AddParameter): Name = "ComponentLink2Description"; Value = "Datasheet"; VariantName = "[No Variations]"
Add component (AddParameter): Name = "ComponentLink2URL"; Value = "http://www.jst-mfg.com/product/pdf/eng/eXH.pdf"; VariantName = "[No Variations]"
Add component (AddParameter): Name = "DatasheetVersion"; Value = "May-16"; VariantName = "[No Variations]"
Add component (AddParameter): Name = "PackageDescription"; Value = "Male Header, Pitch 2.5 mm, 1 x 4 Position, Height 6.1 mm, Tail Length 3.4 mm"; VariantName = "[No Variations]"
Add component (AddParameter): Name = "PackageReference"; Value = "S4B-XH-A(LF)(SN)"; VariantName = "[No Variations]"
Added Component: Designator=P3(JST-S4B-XH-A(LF)(SN)_V)
Add component (AddParameter): Name = "ComponentLink1Description"; Value = "Manufacturer URL"; VariantName = "[No Variations]"
Add component (AddParameter): Name = "ComponentLink1URL"; Value = "http://www.jst.com/home2.html"; VariantName = "[No Variations]"
Add component (AddParameter): Name = "ComponentLink2Description"; Value = "Datasheet"; VariantName = "[No Variations]"
Add component (AddParameter): Name = "ComponentLink2URL"; Value = "http://www.jst-mfg.com/product/pdf/eng/eXH.pdf"; VariantName = "[No Variations]"
Add component (AddParameter): Name = "DatasheetVersion"; Value = "May-16"; VariantName = "[No Variations]"
Add component (AddParameter): Name = "PackageDescription"; Value = "Male Header, Pitch 2.5 mm, 1 x 4 Position, Height 6.1 mm, Tail Length 3.4 mm"; VariantName = "[No Variations]"
Add component (AddParameter): Name = "PackageReference"; Value = "S4B-XH-A(LF)(SN)"; VariantName = "[No Variations]"
Added Component: Designator=P4(JST-S4B-XH-A(LF)(SN)_V)
Add component (AddParameter): Name = "ComponentLink1Description"; Value = "Manufacturer URL"; VariantName = "[No Variations]"
Add component (AddParameter): Name = "ComponentLink1URL"; Value = "http://www.jst.com/home2.html"; VariantName = "[No Variations]"
Add component (AddParameter): Name = "ComponentLink2Description"; Value = "Datasheet"; VariantName = "[No Variations]"
Add component (AddParameter): Name = "ComponentLink2URL"; Value = "http://www.jst-mfg.com/product/pdf/eng/eXH.pdf"; VariantName = "[No Variations]"
Add component (AddParameter): Name = "DatasheetVersion"; Value = "May-16"; VariantName = "[No Variations]"
Add component (AddParameter): Name = "PackageDescription"; Value = "Male Header, Pitch 2.5 mm, 1 x 4 Position, Height 6.1 mm, Tail Length 3.4 mm"; VariantName = "[No Variations]"
Add component (AddParameter): Name = "PackageReference"; Value = "S4B-XH-A(LF)(SN)"; VariantName = "[No Variations]"
Added Component: Designator=P5(JST-S4B-XH-A(LF)(SN)_V)
Add component (AddParameter): Name = "ComponentLink1Description"; Value = "Manufacturer URL"; VariantName = "[No Variations]"
Add component (AddParameter): Name = "ComponentLink1URL"; Value = "http://www.jst.com/home2.html"; VariantName = "[No Variations]"
Add component (AddParameter): Name = "ComponentLink2Description"; Value = "Datasheet"; VariantName = "[No Variations]"
Add component (AddParameter): Name = "ComponentLink2URL"; Value = "http://www.jst-mfg.com/product/pdf/eng/eXH.pdf"; VariantName = "[No Variations]"
Add component (AddParameter): Name = "DatasheetVersion"; Value = "May-16"; VariantName = "[No Variations]"
Add component (AddParameter): Name = "PackageDescription"; Value = "Male Header, Pitch 2.5 mm, 1 x 4 Position, Height 6.1 mm, Tail Length 3.4 mm"; VariantName = "[No Variations]"
Add component (AddParameter): Name = "PackageReference"; Value = "S4B-XH-A(LF)(SN)"; VariantName = "[No Variations]"
Added Component: Designator=P6(HDR1X20)
Add component (AddParameter): Name = "LatestRevisionDate"; Value = "17-Jul-2002"; VariantName = "[No Variations]"
Add component (AddParameter): Name = "LatestRevisionNote"; Value = "Re-released for DXP Platform."; VariantName = "[No Variations]"
Add component (AddParameter): Name = "Publisher"; Value = "Altium Limited"; VariantName = "[No Variations]"
Added Component: Designator=P7(HDR1X20)
Add component (AddParameter): Name = "LatestRevisionDate"; Value = "17-Jul-2002"; VariantName = "[No Variations]"
Add component (AddParameter): Name = "LatestRevisionNote"; Value = "Re-released for DXP Platform."; VariantName = "[No Variations]"
Add component (AddParameter): Name = "Publisher"; Value = "Altium Limited"; VariantName = "[No Variations]"
Added Component: Designator=P8(HDR1X8)
Add component (AddParameter): Name = "LatestRevisionDate"; Value = "17-Jul-2002"; VariantName = "[No Variations]"
Add component (AddParameter): Name = "LatestRevisionNote"; Value = "Re-released for DXP Platform."; VariantName = "[No Variations]"
Add component (AddParameter): Name = "Publisher"; Value = "Altium Limited"; VariantName = "[No Variations]"
Added Component: Designator=P9(HDR1X5)
Add component (AddParameter): Name = "LatestRevisionDate"; Value = "17-Jul-2002"; VariantName = "[No Variations]"
Add component (AddParameter): Name = "LatestRevisionNote"; Value = "Re-released for DXP Platform."; VariantName = "[No Variations]"
Add component (AddParameter): Name = "Publisher"; Value = "Altium Limited"; VariantName = "[No Variations]"
Added Component: Designator=P10(HDR1X5)
Add component (AddParameter): Name = "LatestRevisionDate"; Value = "17-Jul-2002"; VariantName = "[No Variations]"
Add component (AddParameter): Name = "LatestRevisionNote"; Value = "Re-released for DXP Platform."; VariantName = "[No Variations]"
Add component (AddParameter): Name = "Publisher"; Value = "Altium Limited"; VariantName = "[No Variations]"
Added Pin To Net: NetName=3V3 Pin=P2-1
Added Pin To Net: NetName=3V3 Pin=P3-1
Added Pin To Net: NetName=3V3 Pin=P4-1
Added Pin To Net: NetName=3V3 Pin=P6-20
Added Pin To Net: NetName=3V3 Pin=P7-18
Added Pin To Net: NetName=3V3 Pin=P8-7
Added Pin To Net: NetName=3V3 Pin=P9-4
Added Net: Name=3V3
Added Pin To Net: NetName=5V Pin=P2-2
Added Net: Name=5V
Added Pin To Net: NetName=9V Pin=P2-3
Added Pin To Net: NetName=9V Pin=P5-2
Added Net: Name=9V
Added Pin To Net: NetName=Claw Reflect Pin=P7-10
Added Pin To Net: NetName=Claw Reflect Pin=P9-1
Added Net: Name=Claw Reflect
Added Pin To Net: NetName=Claw Servo Opto Pin=P6-7
Added Pin To Net: NetName=Claw Servo Opto Pin=P10-2
Added Net: Name=Claw Servo Opto
Added Pin To Net: NetName=Display_SCK Pin=P7-15
Added Pin To Net: NetName=Display_SCK Pin=P8-1
Added Net: Name=Display_SCK
Added Pin To Net: NetName=Display_SDA Pin=P7-16
Added Pin To Net: NetName=Display_SDA Pin=P8-2
Added Net: Name=Display_SDA
Added Pin To Net: NetName=Elbow Servo Opto Pin=P6-6
Added Pin To Net: NetName=Elbow Servo Opto Pin=P10-3
Added Net: Name=Elbow Servo Opto
Added Pin To Net: NetName=Encoder1A Pin=P3-2
Added Pin To Net: NetName=Encoder1A Pin=P7-8
Added Net: Name=Encoder1A
Added Pin To Net: NetName=Encoder1B Pin=P3-3
Added Pin To Net: NetName=Encoder1B Pin=P7-11
Added Net: Name=Encoder1B
Added Pin To Net: NetName=Encoder2A Pin=P4-2
Added Pin To Net: NetName=Encoder2A Pin=P7-7
Added Net: Name=Encoder2A
Added Pin To Net: NetName=Encoder2B Pin=P4-3
Added Pin To Net: NetName=Encoder2B Pin=P7-9
Added Net: Name=Encoder2B
Added Pin To Net: NetName=GND Pin=P2-4
Added Pin To Net: NetName=GND Pin=P3-4
Added Pin To Net: NetName=GND Pin=P4-4
Added Pin To Net: NetName=GND Pin=P5-1
Added Pin To Net: NetName=GND Pin=P6-19
Added Pin To Net: NetName=GND Pin=P7-19
Added Pin To Net: NetName=GND Pin=P7-20
Added Pin To Net: NetName=GND Pin=P8-8
Added Pin To Net: NetName=GND Pin=P9-5
Added Pin To Net: NetName=GND Pin=P10-1
Added Net: Name=GND
Added Pin To Net: NetName=Hall Effect Pin=P7-12
Added Pin To Net: NetName=Hall Effect Pin=P9-3
Added Net: Name=Hall Effect
Added Pin To Net: NetName=HMI1 Pin=P6-8
Added Pin To Net: NetName=HMI1 Pin=P8-3
Added Net: Name=HMI1
Added Pin To Net: NetName=HMI2 Pin=P6-9
Added Pin To Net: NetName=HMI2 Pin=P8-4
Added Net: Name=HMI2
Added Pin To Net: NetName=HMI3 Pin=P6-10
Added Pin To Net: NetName=HMI3 Pin=P8-5
Added Net: Name=HMI3
Added Pin To Net: NetName=HMI4 Pin=P6-11
Added Pin To Net: NetName=HMI4 Pin=P8-6
Added Net: Name=HMI4
Added Pin To Net: NetName=Left IR Strength Pin=P5-3
Added Pin To Net: NetName=Left IR Strength Pin=P7-13
Added Net: Name=Left IR Strength
Added Pin To Net: NetName=Left Motor Opto Pin=P7-6
Added Pin To Net: NetName=Left Motor Opto Pin=P10-4
Added Net: Name=Left Motor Opto
Added Pin To Net: NetName=Limit Switch Pin=P6-2
Added Pin To Net: NetName=Limit Switch Pin=P9-2
Added Net: Name=Limit Switch
Added Pin To Net: NetName=NetLabel79 Pin=P1-1
Added Net: Name=NetLabel79
Added Pin To Net: NetName=NetLabel80 Pin=P1-2
Added Net: Name=NetLabel80
Added Pin To Net: NetName=NetLabel81 Pin=P1-3
Added Net: Name=NetLabel81
Added Pin To Net: NetName=Right IR Strength Pin=P5-4
Added Pin To Net: NetName=Right IR Strength Pin=P7-14
Added Net: Name=Right IR Strength
Added Pin To Net: NetName=Right Motor Opto Pin=P7-5
Added Pin To Net: NetName=Right Motor Opto Pin=P10-5
Added Net: Name=Right Motor Opto
Added Class: Name=Sheet1
Added Room: Name=Sheet1
