Added Component: Designator=P1(JST-S3B-XH-A(LF)(SN)_V)
Added Component: Designator=P2(JST-S4B-XH-A(LF)(SN)_V)
Added Component: Designator=P3(JST-S4B-XH-A(LF)(SN)_V)
Added Component: Designator=P4(JST-S4B-XH-A(LF)(SN)_V)
Added Component: Designator=P5(JST-S4B-XH-A(LF)(SN)_V)
Added Component: Designator=P6(HDR1X20)
Add component (AddParameter): Name = "LatestRevisionDate"; Value = "17-Jul-2002"; VariantName = "[No Variations]"
Add component (AddParameter): Name = "LatestRevisionNote"; Value = "Re-released for DXP Platform."; VariantName = "[No Variations]"
Add component (AddParameter): Name = "Publisher"; Value = "Altium Limited"; VariantName = "[No Variations]"
Added Component: Designator=P7(HDR1X20)
Add component (AddParameter): Name = "LatestRevisionDate"; Value = "17-Jul-2002"; VariantName = "[No Variations]"
Add component (AddParameter): Name = "LatestRevisionNote"; Value = "Re-released for DXP Platform."; VariantName = "[No Variations]"
Add component (AddParameter): Name = "Publisher"; Value = "Altium Limited"; VariantName = "[No Variations]"
Added Component: Designator=P8(HDR1X8)
Add component (AddParameter): Name = "LatestRevisionDate"; Value = "17-Jul-2002"; VariantName = "[No Variations]"
Add component (AddParameter): Name = "LatestRevisionNote"; Value = "Re-released for DXP Platform."; VariantName = "[No Variations]"
Add component (AddParameter): Name = "Publisher"; Value = "Altium Limited"; VariantName = "[No Variations]"
Added Component: Designator=P9(HDR1X5)
Add component (AddParameter): Name = "LatestRevisionDate"; Value = "17-Jul-2002"; VariantName = "[No Variations]"
Add component (AddParameter): Name = "LatestRevisionNote"; Value = "Re-released for DXP Platform."; VariantName = "[No Variations]"
Add component (AddParameter): Name = "Publisher"; Value = "Altium Limited"; VariantName = "[No Variations]"
Added Component: Designator=P10(HDR1X5)
Add component (AddParameter): Name = "LatestRevisionDate"; Value = "17-Jul-2002"; VariantName = "[No Variations]"
Add component (AddParameter): Name = "LatestRevisionNote"; Value = "Re-released for DXP Platform."; VariantName = "[No Variations]"
Add component (AddParameter): Name = "Publisher"; Value = "Altium Limited"; VariantName = "[No Variations]"
Added Pin To Net: NetName=3V3 Pin=P6-20
Added Pin To Net: NetName=3V3 Pin=P7-18
Added Pin To Net: NetName=3V3 Pin=P8-7
Added Pin To Net: NetName=3V3 Pin=P9-4
Added Net: Name=3V3
Added Net: Name=5V
Added Net: Name=9V
Added Pin To Net: NetName=Claw Reflect Pin=P7-10
Added Pin To Net: NetName=Claw Reflect Pin=P9-1
Added Net: Name=Claw Reflect
Added Pin To Net: NetName=Claw Servo Opto Pin=P6-7
Added Pin To Net: NetName=Claw Servo Opto Pin=P10-2
Added Net: Name=Claw Servo Opto
Added Pin To Net: NetName=Display_SCK Pin=P7-15
Added Pin To Net: NetName=Display_SCK Pin=P8-1
Added Net: Name=Display_SCK
Added Pin To Net: NetName=Display_SDA Pin=P7-16
Added Pin To Net: NetName=Display_SDA Pin=P8-2
Added Net: Name=Display_SDA
Added Pin To Net: NetName=Elbow Servo Opto Pin=P6-6
Added Pin To Net: NetName=Elbow Servo Opto Pin=P10-3
Added Net: Name=Elbow Servo Opto
Added Pin To Net: NetName=Encoder1A Pin=P7-8
Added Net: Name=Encoder1A
Added Pin To Net: NetName=Encoder1B Pin=P7-11
Added Net: Name=Encoder1B
Added Pin To Net: NetName=Encoder2A Pin=P7-7
Added Net: Name=Encoder2A
Added Pin To Net: NetName=Encoder2B Pin=P7-9
Added Net: Name=Encoder2B
Added Pin To Net: NetName=GND Pin=P6-19
Added Pin To Net: NetName=GND Pin=P7-19
Added Pin To Net: NetName=GND Pin=P7-20
Added Pin To Net: NetName=GND Pin=P8-8
Added Pin To Net: NetName=GND Pin=P9-5
Added Pin To Net: NetName=GND Pin=P10-1
Added Net: Name=GND
Added Pin To Net: NetName=Hall Effect Pin=P7-12
Added Pin To Net: NetName=Hall Effect Pin=P9-3
Added Net: Name=Hall Effect
Added Pin To Net: NetName=HMI1 Pin=P6-8
Added Pin To Net: NetName=HMI1 Pin=P8-3
Added Net: Name=HMI1
Added Pin To Net: NetName=HMI2 Pin=P6-9
Added Pin To Net: NetName=HMI2 Pin=P8-4
Added Net: Name=HMI2
Added Pin To Net: NetName=HMI3 Pin=P6-10
Added Pin To Net: NetName=HMI3 Pin=P8-5
Added Net: Name=HMI3
Added Pin To Net: NetName=HMI4 Pin=P6-11
Added Pin To Net: NetName=HMI4 Pin=P8-6
Added Net: Name=HMI4
Added Pin To Net: NetName=Left IR Strength Pin=P7-13
Added Net: Name=Left IR Strength
Added Pin To Net: NetName=Left Motor Opto Pin=P7-6
Added Pin To Net: NetName=Left Motor Opto Pin=P10-4
Added Net: Name=Left Motor Opto
Added Pin To Net: NetName=Limit Switch Pin=P6-2
Added Pin To Net: NetName=Limit Switch Pin=P9-2
Added Net: Name=Limit Switch
Added Net: Name=NetLabel79
Added Net: Name=NetLabel80
Added Net: Name=NetLabel81
Added Pin To Net: NetName=Right IR Strength Pin=P7-14
Added Net: Name=Right IR Strength
Added Pin To Net: NetName=Right Motor Opto Pin=P7-5
Added Pin To Net: NetName=Right Motor Opto Pin=P10-5
Added Net: Name=Right Motor Opto
Added Class: Name=Sheet1
Added Room: Name=Sheet1
